<?xml version="1.0" encoding="UTF-8"?>
<testsuite xmlns:xsi="http://www.w3.org/2001/XMLSchema-instance" xsi:schemaLocation="https://maven.apache.org/surefire/maven-surefire-plugin/xsd/surefire-test-report.xsd" name="test.java.MCLengthOfMethodsTest" time="0.015" tests="2" errors="2" skipped="0" failures="0">
  <properties>
[...]
</properties>
  <testcase name="testGuiMethod" classname="test.java.MCLengthOfMethodsTest" time="0">
    <error message="org.eclipse.core.runtime.SubMonitor.split(I)Lorg/eclipse/core/runtime/SubMonitor;" type="java.lang.NoSuchMethodError">java.lang.NoSuchMethodError: org.eclipse.core.runtime.SubMonitor.split(I)Lorg/eclipse/core/runtime/SubMonitor;
	at test.java.MCLengthOfMethodsTest.testGuiMethod(MCLengthOfMethodsTest.java:30)
</error>
  </testcase>
  <testcase name="testParserMethod" classname="test.java.MCLengthOfMethodsTest" time="0.015">
    <error message="org.eclipse.core.runtime.SubMonitor.split(I)Lorg/eclipse/core/runtime/SubMonitor;" type="java.lang.NoSuchMethodError">java.lang.NoSuchMethodError: org.eclipse.core.runtime.SubMonitor.split(I)Lorg/eclipse/core/runtime/SubMonitor;
	at test.java.MCLengthOfMethodsTest.testParserMethod(MCLengthOfMethodsTest.java:74)
</error>
  </testcase>
</testsuite>